Build started 24.05.2012 20:16:47.
     1>Project "E:\Svn\CUDA\CudaKinect\trunk\CudaKinect.vcxproj" on node 2 (build target(s)).
     1>InitializeBuildStatus:
         Creating "Debug\CudaKinect.unsuccessfulbuild" because "AlwaysCreate" was specified.
       AddCudaCompileDeps:
         C:\Program Files (x86)\Microsoft Visual Studio 10.0\VC\BIN\cl.exe /E /nologo /showIncludes /TP /D__CUDACC__ /I"C:\Program Files\NVIDIA GPU Computing Toolkit\CUDA\v5.0\bin" /I"C:\Program Files\NVIDIA GPU Computing Toolkit\CUDA\v5.0\include" /I. /FIcuda_runtime.h /c E:\Svn\CUDA\CudaKinect\trunk\Ray.cu 
       AddCudaCompilePropsDeps:
         Found "CudaToolkitCustomDir".
         Found "AdditionalDeps".
         Found "CompileOut".
         Found "Include".
         Found "Keep".
         Found "KeepDir".
         Found "NvccCompilation".
         Found "NvccPath".
         Found "RequiredIncludes".
         Found "TargetMachinePlatform".
         Found "CInterleavedPTX".
         Found "CodeGeneration".
         Found "GPUDebugInfo".
         Found "MaxRegCount".
         Found "PtxAsOptionV".
         Found "AdditionalCompilerOptions".
         Found "Defines".
         Found "Emulation".
         Found "HostDebugInfo".
         Found "FastMath".
         Found "Optimization".
         Found "Runtime".
         Found "RuntimeChecks".
         Found "TypeInfo".
         Found "Warning".
         Found "AdditionalOptions".
         Found "CommandLineTemplate".
       CudaBuild:
         Compiling CUDA source file Ray.cu...
         cmd.exe /C "C:\Users\Geek\AppData\Local\Temp\45f7b317f254445baf88f5fa0dbb03ad.cmd"
         "C:\Program Files\NVIDIA GPU Computing Toolkit\CUDA\v5.0\bin\nvcc.exe" -gencode=arch=compute_13,code=\"sm_13,compute_13\" --use-local-env --cl-version 2010 -ccbin "C:\Program Files (x86)\Microsoft Visual Studio 10.0\VC\bin"  -I"C:\Program Files\NVIDIA GPU Computing Toolkit\CUDA\v5.0\include"  -G  --keep-dir "Debug" -maxrregcount=0  --machine 32 --compile  -g    -Xcompiler "/EHsc /nologo /Od /Zi  /MDd  " -o "Debug\Ray.cu.obj" "E:\Svn\CUDA\CudaKinect\trunk\Ray.cu"
         
         E:\Svn\CUDA\CudaKinect\trunk>"C:\Program Files\NVIDIA GPU Computing Toolkit\CUDA\v5.0\bin\nvcc.exe" -gencode=arch=compute_13,code=\"sm_13,compute_13\" --use-local-env --cl-version 2010 -ccbin "C:\Program Files (x86)\Microsoft Visual Studio 10.0\VC\bin"  -I"C:\Program Files\NVIDIA GPU Computing Toolkit\CUDA\v5.0\include"  -G  --keep-dir "Debug" -maxrregcount=0  --machine 32 --compile  -g    -Xcompiler "/EHsc /nologo /Od /Zi  /MDd  " -o "Debug\Ray.cu.obj" "E:\Svn\CUDA\CudaKinect\trunk\Ray.cu" 
         Ray.cu
     1>C:\Program Files\Microsoft SDKs\Kinect\v1.5\inc\nuiapi.h(77): warning : integer conversion resulted in a change of sign
         
         tmpxft_00000740_00000000-2_Ray.cudafe1.gpu
         tmpxft_00000740_00000000-7_Ray.cudafe2.gpu
         Ray.cu
     1>C:\Program Files\Microsoft SDKs\Kinect\v1.5\inc\nuiapi.h(77): warning : integer conversion resulted in a change of sign
         
         tmpxft_00000740_00000000-2_Ray.cudafe1.cpp
         tmpxft_00000740_00000000-12_Ray.ii
         Deleting file "tmpxft_00000740_00000000-8_Ray.cpp3.o".
       ClCompile:
         C:\Program Files (x86)\Microsoft Visual Studio 10.0\VC\BIN\CL.exe /c /I"C:\Program Files\NVIDIA GPU Computing Toolkit\CUDA\v5.0\include" /Zi /nologo /W3 /WX- /Od /Oy- /D KINECT /D WIN32 /D _DEBUG /D _CONSOLE /D _MBCS /D _AFXDLL /Gm /EHsc /RTC1 /MDd /GS /fp:precise /Zc:wchar_t /Zc:forScope /Fo"Debug\\" /Fd"Debug\vc100.pdb" /Gd /TP /analyze- /errorReport:prompt main.cpp
         main.cpp
       Link:
         C:\Program Files (x86)\Microsoft Visual Studio 10.0\VC\BIN\link.exe /ERRORREPORT:PROMPT /OUT:"E:\Svn\CUDA\CudaKinect\trunk\Debug\CudaKinect.exe" /INCREMENTAL:NO /NOLOGO /LIBPATH:"C:\Program Files\NVIDIA GPU Computing Toolkit\CUDA\v5.0\lib\Win32" Kinect10.lib cudart.lib cutil32.lib glew32.lib freeglut.lib /NODEFAULTLIB:LIBCMT.lib /NODEFAULTLIB:LIBCMTD.lib /MANIFEST /ManifestFile:"Debug\CudaKinect.exe.intermediate.manifest" /MANIFESTUAC:"level='asInvoker' uiAccess='false'" /DEBUG /PDB:"E:\Svn\CUDA\CudaKinect\trunk\Debug\CudaKinect.pdb" /SUBSYSTEM:CONSOLE /TLBID:1 /DYNAMICBASE:NO /IMPLIB:"E:\Svn\CUDA\CudaKinect\trunk\Debug\CudaKinect.lib" /MACHINE:X86 Debug\Ray.cu.obj
         Debug\main.obj
         CudaKinect.vcxproj -> E:\Svn\CUDA\CudaKinect\trunk\Debug\CudaKinect.exe
       Manifest:
         C:\Program Files (x86)\Microsoft SDKs\Windows\v7.0A\bin\mt.exe /nologo /verbose /outputresource:"E:\Svn\CUDA\CudaKinect\trunk\Debug\CudaKinect.exe;#1" /manifest Debug\CudaKinect.exe.intermediate.manifest "C:\Program Files (x86)\Microsoft Visual Studio 10.0\VC\Include\Manifest\dpiaware.manifest"
       FinalizeBuildStatus:
         Deleting file "Debug\CudaKinect.unsuccessfulbuild".
         Touching "Debug\CudaKinect.lastbuildstate".
     1>Done Building Project "E:\Svn\CUDA\CudaKinect\trunk\CudaKinect.vcxproj" (build target(s)).

Build succeeded.

Time Elapsed 00:00:11.24
